<?xml version="1.0" encoding="UTF-8"?>
<!-- Generated by org.testng.reporters.JUnitReportReporter -->
<testsuite hostname="DESKTOP-U3TTRFD" failures="0" tests="1" name="org.testSuite.GeneralStore_1" time="4.157" errors="0" timestamp="2025-02-05T11:13:46 IST" skipped="0">
  <testcase classname="org.testSuite.GeneralStore_1" name="GeneralStoretest" time="4.157"/>
</testsuite> <!-- org.testSuite.GeneralStore_1 -->
